
> @justice/card@0.1.1 build
> next build

⚠ Warning: Next.js inferred your workspace root, but it may not be correct.
 We detected multiple lockfiles and selected the directory of /Users/ahbaik/package-lock.json as the root directory.
 To silence this warning, set `turbopack.root` in your Next.js config, or consider removing one of the lockfiles if it's not needed.
   See https://nextjs.org/docs/app/api-reference/config/next-config-js/turbopack#root-directory for more information.
 Detected additional lockfiles: 
   * /Users/ahbaik/coding/2026jp/justice-election-2026/package-lock.json

▲ Next.js 16.1.4 (Turbopack)
- Environments: .env.local

  Creating an optimized production build ...
✓ Compiled successfully in 5.8s
  Running TypeScript ...
  Collecting page data using 11 workers ...
  Generating static pages using 11 workers (0/11) ...
  Generating static pages using 11 workers (2/11) 
  Generating static pages using 11 workers (5/11) 
  Generating static pages using 11 workers (8/11) 
✓ Generating static pages using 11 workers (11/11) in 1708.8ms
  Finalizing page optimization ...

Route (app)          Revalidate  Expire
┌ ○ /                        1m      1y
├ ○ /_not-found
├ ƒ /[slug]
├ ƒ /api/check-slug
├ ƒ /api/register
├ ƒ /api/upload
├ ƒ /api/verify
├ ○ /apple-icon.png
├ ○ /icon.png
├ ○ /qr
└ ○ /register


○  (Static)   prerendered as static content
ƒ  (Dynamic)  server-rendered on demand

